2020-11-15 11:39:48.052  INFO 16704 --- [main] com.example.demo.DemoApplication         : Starting DemoApplication on LAPTOP-JMDPADBP with PID 16704 (D:\MyFile\IdeaProject\Springboot1\target\classes started by 19021 in D:\MyFile\IdeaProject\Springboot1)
2020-11-15 11:39:48.055  INFO 16704 --- [main] com.example.demo.DemoApplication         : No active profile set, falling back to default profiles: default
2020-11-15 11:39:48.825  INFO 16704 --- [main] .s.d.r.c.RepositoryConfigurationDelegate : Bootstrapping Spring Data JPA repositories in DEFERRED mode.
2020-11-15 11:39:48.845  INFO 16704 --- [main] .s.d.r.c.RepositoryConfigurationDelegate : Finished Spring Data repository scanning in 13ms. Found 0 JPA repository interfaces.
2020-11-15 11:39:49.501  INFO 16704 --- [main] o.s.b.w.embedded.tomcat.TomcatWebServer  : Tomcat initialized with port(s): 8888 (http)
2020-11-15 11:39:49.511  INFO 16704 --- [main] o.apache.catalina.core.StandardService   : Starting service [Tomcat]
2020-11-15 11:39:49.512  INFO 16704 --- [main] org.apache.catalina.core.StandardEngine  : Starting Servlet engine: [Apache Tomcat/9.0.39]
2020-11-15 11:39:49.647  INFO 16704 --- [main] o.a.c.c.C.[Tomcat].[localhost].[/]       : Initializing Spring embedded WebApplicationContext
2020-11-15 11:39:49.647  INFO 16704 --- [main] w.s.c.ServletWebServerApplicationContext : Root WebApplicationContext: initialization completed in 1543 ms
2020-11-15 11:39:49.785  INFO 16704 --- [main] o.s.s.concurrent.ThreadPoolTaskExecutor  : Initializing ExecutorService 'applicationTaskExecutor'
2020-11-15 11:39:49.834  INFO 16704 --- [task-1] o.hibernate.jpa.internal.util.LogHelper  : HHH000204: Processing PersistenceUnitInfo [name: default]
2020-11-15 11:39:49.907  INFO 16704 --- [task-1] org.hibernate.Version                    : HHH000412: Hibernate ORM core version 5.4.22.Final
2020-11-15 11:39:50.080  INFO 16704 --- [task-1] o.hibernate.annotations.common.Version   : HCANN000001: Hibernate Commons Annotations {5.1.0.Final}
2020-11-15 11:39:50.188  INFO 16704 --- [task-1] com.zaxxer.hikari.HikariDataSource       : HikariPool-1 - Starting...
2020-11-15 11:39:50.319  WARN 16704 --- [main] JpaBaseConfiguration$JpaWebConfiguration : spring.jpa.open-in-view is enabled by default. Therefore, database queries may be performed during view rendering. Explicitly configure spring.jpa.open-in-view to disable this warning
2020-11-15 11:39:50.516  INFO 16704 --- [main] o.s.b.w.embedded.tomcat.TomcatWebServer  : Tomcat started on port(s): 8888 (http) with context path ''
2020-11-15 11:39:50.518  INFO 16704 --- [main] DeferredRepositoryInitializationListener : Triggering deferred initialization of Spring Data repositories…
2020-11-15 11:39:50.519  INFO 16704 --- [main] DeferredRepositoryInitializationListener : Spring Data repositories initialized!
2020-11-15 11:39:50.530  INFO 16704 --- [main] com.example.demo.DemoApplication         : Started DemoApplication in 2.927 seconds (JVM running for 5.422)
2020-11-15 11:39:50.640  INFO 16704 --- [task-1] com.zaxxer.hikari.HikariDataSource       : HikariPool-1 - Start completed.
2020-11-15 11:39:50.664  INFO 16704 --- [task-1] org.hibernate.dialect.Dialect            : HHH000400: Using dialect: org.hibernate.dialect.MySQL5InnoDBDialect
2020-11-15 11:39:51.032  INFO 16704 --- [task-1] o.h.e.t.j.p.i.JtaPlatformInitiator       : HHH000490: Using JtaPlatform implementation: [org.hibernate.engine.transaction.jta.platform.internal.NoJtaPlatform]
2020-11-15 11:39:51.042  INFO 16704 --- [task-1] j.LocalContainerEntityManagerFactoryBean : Initialized JPA EntityManagerFactory for persistence unit 'default'
2020-11-15 11:40:25.317  INFO 16704 --- [http-nio-8888-exec-1] o.a.c.c.C.[Tomcat].[localhost].[/]       : Initializing Spring DispatcherServlet 'dispatcherServlet'
2020-11-15 11:40:25.318  INFO 16704 --- [http-nio-8888-exec-1] o.s.web.servlet.DispatcherServlet        : Initializing Servlet 'dispatcherServlet'
2020-11-15 11:40:25.327  INFO 16704 --- [http-nio-8888-exec-1] o.s.web.servlet.DispatcherServlet        : Completed initialization in 9 ms
2020-11-15 11:40:40.308  WARN 16704 --- [http-nio-8888-exec-1] o.a.c.util.SessionIdGeneratorBase        : Creation of SecureRandom instance for session ID generation using [SHA1PRNG] took [1,526] milliseconds.
2020-11-15 11:40:40.353  INFO 16704 --- [http-nio-8888-exec-4] c.e.demo.shopping.ClothesController      : Tom浏览商品。
2020-11-15 11:40:50.643  INFO 16704 --- [http-nio-8888-exec-3] c.e.demo.shopping.ClothesController      : Tom成功下单商品-楠木椅
2020-11-15 11:40:52.641  INFO 16704 --- [http-nio-8888-exec-5] c.e.demo.shopping.ClothesController      : Tom浏览商品。
2020-11-15 11:41:16.471  INFO 16704 --- [http-nio-8888-exec-7] c.e.demo.shopping.ClothesController      : Tom付款成功。
2020-11-15 11:41:16.480  INFO 16704 --- [http-nio-8888-exec-8] c.e.demo.shopping.ClothesController      : Tom浏览商品。
2020-11-15 11:46:09.369  INFO 16544 --- [main] com.example.demo.DemoApplication         : Starting DemoApplication on LAPTOP-JMDPADBP with PID 16544 (D:\MyFile\IdeaProject\Springboot1\target\classes started by 19021 in D:\MyFile\IdeaProject\Springboot1)
2020-11-15 11:46:09.373  INFO 16544 --- [main] com.example.demo.DemoApplication         : No active profile set, falling back to default profiles: default
2020-11-15 11:46:10.524  INFO 16544 --- [main] .s.d.r.c.RepositoryConfigurationDelegate : Bootstrapping Spring Data JPA repositories in DEFERRED mode.
2020-11-15 11:46:10.568  INFO 16544 --- [main] .s.d.r.c.RepositoryConfigurationDelegate : Finished Spring Data repository scanning in 26ms. Found 0 JPA repository interfaces.
2020-11-15 11:46:11.290  INFO 16544 --- [main] o.s.b.w.embedded.tomcat.TomcatWebServer  : Tomcat initialized with port(s): 8888 (http)
2020-11-15 11:46:11.303  INFO 16544 --- [main] o.apache.catalina.core.StandardService   : Starting service [Tomcat]
2020-11-15 11:46:11.304  INFO 16544 --- [main] org.apache.catalina.core.StandardEngine  : Starting Servlet engine: [Apache Tomcat/9.0.39]
2020-11-15 11:46:11.507  INFO 16544 --- [main] o.a.c.c.C.[Tomcat].[localhost].[/]       : Initializing Spring embedded WebApplicationContext
2020-11-15 11:46:11.509  INFO 16544 --- [main] w.s.c.ServletWebServerApplicationContext : Root WebApplicationContext: initialization completed in 2004 ms
2020-11-15 11:46:11.680  INFO 16544 --- [main] o.s.s.concurrent.ThreadPoolTaskExecutor  : Initializing ExecutorService 'applicationTaskExecutor'
2020-11-15 11:46:11.726  INFO 16544 --- [task-1] o.hibernate.jpa.internal.util.LogHelper  : HHH000204: Processing PersistenceUnitInfo [name: default]
2020-11-15 11:46:11.800  INFO 16544 --- [task-1] org.hibernate.Version                    : HHH000412: Hibernate ORM core version 5.4.22.Final
2020-11-15 11:46:11.973  INFO 16544 --- [task-1] o.hibernate.annotations.common.Version   : HCANN000001: Hibernate Commons Annotations {5.1.0.Final}
2020-11-15 11:46:12.098  INFO 16544 --- [task-1] com.zaxxer.hikari.HikariDataSource       : HikariPool-1 - Starting...
2020-11-15 11:46:12.286  WARN 16544 --- [main] JpaBaseConfiguration$JpaWebConfiguration : spring.jpa.open-in-view is enabled by default. Therefore, database queries may be performed during view rendering. Explicitly configure spring.jpa.open-in-view to disable this warning
2020-11-15 11:46:12.565  INFO 16544 --- [main] o.s.b.w.embedded.tomcat.TomcatWebServer  : Tomcat started on port(s): 8888 (http) with context path ''
2020-11-15 11:46:12.568  INFO 16544 --- [main] DeferredRepositoryInitializationListener : Triggering deferred initialization of Spring Data repositories…
2020-11-15 11:46:12.569  INFO 16544 --- [main] DeferredRepositoryInitializationListener : Spring Data repositories initialized!
2020-11-15 11:46:12.579  INFO 16544 --- [task-1] com.zaxxer.hikari.HikariDataSource       : HikariPool-1 - Start completed.
2020-11-15 11:46:12.597  INFO 16544 --- [main] com.example.demo.DemoApplication         : Started DemoApplication in 3.822 seconds (JVM running for 7.52)
2020-11-15 11:46:12.609  INFO 16544 --- [task-1] org.hibernate.dialect.Dialect            : HHH000400: Using dialect: org.hibernate.dialect.MySQL5InnoDBDialect
2020-11-15 11:46:12.953  INFO 16544 --- [task-1] o.h.e.t.j.p.i.JtaPlatformInitiator       : HHH000490: Using JtaPlatform implementation: [org.hibernate.engine.transaction.jta.platform.internal.NoJtaPlatform]
2020-11-15 11:46:12.964  INFO 16544 --- [task-1] j.LocalContainerEntityManagerFactoryBean : Initialized JPA EntityManagerFactory for persistence unit 'default'
2020-11-15 11:46:26.526  INFO 16544 --- [http-nio-8888-exec-1] o.a.c.c.C.[Tomcat].[localhost].[/]       : Initializing Spring DispatcherServlet 'dispatcherServlet'
2020-11-15 11:46:26.527  INFO 16544 --- [http-nio-8888-exec-1] o.s.web.servlet.DispatcherServlet        : Initializing Servlet 'dispatcherServlet'
2020-11-15 11:46:26.540  INFO 16544 --- [http-nio-8888-exec-1] o.s.web.servlet.DispatcherServlet        : Completed initialization in 13 ms
2020-11-15 11:46:35.352  WARN 16544 --- [http-nio-8888-exec-1] o.a.c.util.SessionIdGeneratorBase        : Creation of SecureRandom instance for session ID generation using [SHA1PRNG] took [1,438] milliseconds.
2020-11-15 11:46:35.393  INFO 16544 --- [http-nio-8888-exec-3] c.e.demo.shopping.ClothesController      : Tom浏览商品。
2020-11-15 11:46:38.589  INFO 16544 --- [http-nio-8888-exec-5] c.e.demo.shopping.ClothesController      : Tom成功下单商品-风衣
2020-11-15 11:46:40.953  INFO 16544 --- [http-nio-8888-exec-9] c.e.demo.shopping.ClothesController      : Tom付款成功。
2020-11-15 11:46:40.962  INFO 16544 --- [http-nio-8888-exec-10] c.e.demo.shopping.ClothesController      : Tom浏览商品。
2020-11-15 11:57:07.571  INFO 4292 --- [main] com.example.demo.DemoApplication         : Starting DemoApplication on LAPTOP-JMDPADBP with PID 4292 (D:\MyFile\IdeaProject\Springboot1\target\classes started by 19021 in D:\MyFile\IdeaProject\Springboot1)
2020-11-15 11:57:07.578  INFO 4292 --- [main] com.example.demo.DemoApplication         : No active profile set, falling back to default profiles: default
2020-11-15 11:57:08.441  INFO 4292 --- [main] .s.d.r.c.RepositoryConfigurationDelegate : Bootstrapping Spring Data JPA repositories in DEFERRED mode.
2020-11-15 11:57:08.466  INFO 4292 --- [main] .s.d.r.c.RepositoryConfigurationDelegate : Finished Spring Data repository scanning in 14ms. Found 0 JPA repository interfaces.
2020-11-15 11:57:09.114  INFO 4292 --- [main] o.s.b.w.embedded.tomcat.TomcatWebServer  : Tomcat initialized with port(s): 8888 (http)
2020-11-15 11:57:09.123  INFO 4292 --- [main] o.apache.catalina.core.StandardService   : Starting service [Tomcat]
2020-11-15 11:57:09.123  INFO 4292 --- [main] org.apache.catalina.core.StandardEngine  : Starting Servlet engine: [Apache Tomcat/9.0.39]
2020-11-15 11:57:09.328  INFO 4292 --- [main] o.a.c.c.C.[Tomcat].[localhost].[/]       : Initializing Spring embedded WebApplicationContext
2020-11-15 11:57:09.329  INFO 4292 --- [main] w.s.c.ServletWebServerApplicationContext : Root WebApplicationContext: initialization completed in 1666 ms
2020-11-15 11:57:09.504  INFO 4292 --- [main] o.s.s.concurrent.ThreadPoolTaskExecutor  : Initializing ExecutorService 'applicationTaskExecutor'
2020-11-15 11:57:09.571  INFO 4292 --- [task-1] o.hibernate.jpa.internal.util.LogHelper  : HHH000204: Processing PersistenceUnitInfo [name: default]
2020-11-15 11:57:09.643  INFO 4292 --- [task-1] org.hibernate.Version                    : HHH000412: Hibernate ORM core version 5.4.22.Final
2020-11-15 11:57:09.772  INFO 4292 --- [task-1] o.hibernate.annotations.common.Version   : HCANN000001: Hibernate Commons Annotations {5.1.0.Final}
2020-11-15 11:57:09.892  INFO 4292 --- [task-1] com.zaxxer.hikari.HikariDataSource       : HikariPool-1 - Starting...
2020-11-15 11:57:10.058  WARN 4292 --- [main] JpaBaseConfiguration$JpaWebConfiguration : spring.jpa.open-in-view is enabled by default. Therefore, database queries may be performed during view rendering. Explicitly configure spring.jpa.open-in-view to disable this warning
2020-11-15 11:57:10.310  INFO 4292 --- [main] o.s.b.w.embedded.tomcat.TomcatWebServer  : Tomcat started on port(s): 8888 (http) with context path ''
2020-11-15 11:57:10.312  INFO 4292 --- [main] DeferredRepositoryInitializationListener : Triggering deferred initialization of Spring Data repositories…
2020-11-15 11:57:10.314  INFO 4292 --- [main] DeferredRepositoryInitializationListener : Spring Data repositories initialized!
2020-11-15 11:57:10.324  INFO 4292 --- [main] com.example.demo.DemoApplication         : Started DemoApplication in 3.292 seconds (JVM running for 6.16)
2020-11-15 11:57:10.353  INFO 4292 --- [task-1] com.zaxxer.hikari.HikariDataSource       : HikariPool-1 - Start completed.
2020-11-15 11:57:10.387  INFO 4292 --- [task-1] org.hibernate.dialect.Dialect            : HHH000400: Using dialect: org.hibernate.dialect.MySQL5InnoDBDialect
2020-11-15 11:57:10.844  INFO 4292 --- [task-1] o.h.e.t.j.p.i.JtaPlatformInitiator       : HHH000490: Using JtaPlatform implementation: [org.hibernate.engine.transaction.jta.platform.internal.NoJtaPlatform]
2020-11-15 11:57:10.854  INFO 4292 --- [task-1] j.LocalContainerEntityManagerFactoryBean : Initialized JPA EntityManagerFactory for persistence unit 'default'
2020-11-15 11:57:20.390  INFO 4292 --- [http-nio-8888-exec-1] o.a.c.c.C.[Tomcat].[localhost].[/]       : Initializing Spring DispatcherServlet 'dispatcherServlet'
2020-11-15 11:57:20.390  INFO 4292 --- [http-nio-8888-exec-1] o.s.web.servlet.DispatcherServlet        : Initializing Servlet 'dispatcherServlet'
2020-11-15 11:57:20.397  INFO 4292 --- [http-nio-8888-exec-1] o.s.web.servlet.DispatcherServlet        : Completed initialization in 6 ms
2020-11-15 11:57:28.492  WARN 4292 --- [http-nio-8888-exec-1] o.a.c.util.SessionIdGeneratorBase        : Creation of SecureRandom instance for session ID generation using [SHA1PRNG] took [1,415] milliseconds.
2020-11-15 11:57:28.535  INFO 4292 --- [http-nio-8888-exec-3] c.e.demo.shopping.ClothesController      : Tom浏览商品。
2020-11-15 11:57:35.912  INFO 4292 --- [http-nio-8888-exec-6] c.e.demo.shopping.ClothesController      : Tom成功将外套加入购物车。
2020-11-15 11:57:39.053  INFO 4292 --- [http-nio-8888-exec-9] c.e.demo.shopping.ClothesController      : Tom付款成功。
2020-11-15 11:57:39.066  INFO 4292 --- [http-nio-8888-exec-8] c.e.demo.shopping.ClothesController      : Tom浏览商品。
