2020-11-25 14:25:16.633  INFO 22788 --- [main] com.example.demo.DemoApplication         : Starting DemoApplication on LAPTOP-JMDPADBP with PID 22788 (D:\MyFile\IdeaProject\Springboot1\target\classes started by 19021 in D:\MyFile\IdeaProject\Springboot1)
2020-11-25 14:25:16.648  INFO 22788 --- [main] com.example.demo.DemoApplication         : No active profile set, falling back to default profiles: default
2020-11-25 14:25:17.983  INFO 22788 --- [main] .s.d.r.c.RepositoryConfigurationDelegate : Bootstrapping Spring Data JPA repositories in DEFERRED mode.
2020-11-25 14:25:18.013  INFO 22788 --- [main] .s.d.r.c.RepositoryConfigurationDelegate : Finished Spring Data repository scanning in 19ms. Found 0 JPA repository interfaces.
2020-11-25 14:25:19.183  INFO 22788 --- [main] o.s.b.w.embedded.tomcat.TomcatWebServer  : Tomcat initialized with port(s): 8888 (http)
2020-11-25 14:25:19.215  INFO 22788 --- [main] o.apache.catalina.core.StandardService   : Starting service [Tomcat]
2020-11-25 14:25:19.217  INFO 22788 --- [main] org.apache.catalina.core.StandardEngine  : Starting Servlet engine: [Apache Tomcat/9.0.39]
2020-11-25 14:25:19.495  INFO 22788 --- [main] o.a.c.c.C.[Tomcat].[localhost].[/]       : Initializing Spring embedded WebApplicationContext
2020-11-25 14:25:19.496  INFO 22788 --- [main] w.s.c.ServletWebServerApplicationContext : Root WebApplicationContext: initialization completed in 2762 ms
2020-11-25 14:25:19.785  INFO 22788 --- [main] o.s.s.concurrent.ThreadPoolTaskExecutor  : Initializing ExecutorService 'applicationTaskExecutor'
2020-11-25 14:25:19.948  INFO 22788 --- [task-1] o.hibernate.jpa.internal.util.LogHelper  : HHH000204: Processing PersistenceUnitInfo [name: default]
2020-11-25 14:25:20.199  INFO 22788 --- [task-1] org.hibernate.Version                    : HHH000412: Hibernate ORM core version 5.4.22.Final
2020-11-25 14:25:20.726  INFO 22788 --- [task-1] o.hibernate.annotations.common.Version   : HCANN000001: Hibernate Commons Annotations {5.1.0.Final}
2020-11-25 14:25:20.899  INFO 22788 --- [task-1] com.zaxxer.hikari.HikariDataSource       : HikariPool-1 - Starting...
2020-11-25 14:25:21.077  WARN 22788 --- [main] JpaBaseConfiguration$JpaWebConfiguration : spring.jpa.open-in-view is enabled by default. Therefore, database queries may be performed during view rendering. Explicitly configure spring.jpa.open-in-view to disable this warning
2020-11-25 14:25:21.563  INFO 22788 --- [main] o.s.b.w.embedded.tomcat.TomcatWebServer  : Tomcat started on port(s): 8888 (http) with context path ''
2020-11-25 14:25:21.571  INFO 22788 --- [main] DeferredRepositoryInitializationListener : Triggering deferred initialization of Spring Data repositories…
2020-11-25 14:25:21.574  INFO 22788 --- [main] DeferredRepositoryInitializationListener : Spring Data repositories initialized!
2020-11-25 14:25:21.609  INFO 22788 --- [main] com.example.demo.DemoApplication         : Started DemoApplication in 5.69 seconds (JVM running for 11.244)
2020-11-25 14:25:21.823  INFO 22788 --- [task-1] com.zaxxer.hikari.HikariDataSource       : HikariPool-1 - Start completed.
2020-11-25 14:25:21.845  INFO 22788 --- [task-1] org.hibernate.dialect.Dialect            : HHH000400: Using dialect: org.hibernate.dialect.MySQL5InnoDBDialect
2020-11-25 14:25:22.394  INFO 22788 --- [task-1] o.h.e.t.j.p.i.JtaPlatformInitiator       : HHH000490: Using JtaPlatform implementation: [org.hibernate.engine.transaction.jta.platform.internal.NoJtaPlatform]
2020-11-25 14:25:22.405  INFO 22788 --- [task-1] j.LocalContainerEntityManagerFactoryBean : Initialized JPA EntityManagerFactory for persistence unit 'default'
2020-11-25 14:25:27.600  INFO 22788 --- [http-nio-8888-exec-1] o.a.c.c.C.[Tomcat].[localhost].[/]       : Initializing Spring DispatcherServlet 'dispatcherServlet'
2020-11-25 14:25:27.600  INFO 22788 --- [http-nio-8888-exec-1] o.s.web.servlet.DispatcherServlet        : Initializing Servlet 'dispatcherServlet'
2020-11-25 14:25:27.611  INFO 22788 --- [http-nio-8888-exec-1] o.s.web.servlet.DispatcherServlet        : Completed initialization in 10 ms
2020-11-25 14:25:41.158  WARN 22788 --- [http-nio-8888-exec-1] o.a.c.util.SessionIdGeneratorBase        : Creation of SecureRandom instance for session ID generation using [SHA1PRNG] took [6,115] milliseconds.
2020-11-25 14:25:41.382  INFO 22788 --- [http-nio-8888-exec-4] c.e.demo.shopping.ClothesController      : Tom浏览商品。
2020-11-25 14:36:50.047  INFO 22788 --- [http-nio-8888-exec-9] c.e.demo.shopping.ClothesController      : Tom付款成功。
2020-11-25 14:36:50.095  INFO 22788 --- [http-nio-8888-exec-10] c.e.demo.shopping.ClothesController      : Tom浏览商品。
